<?xml version="1.0" encoding="UTF-8" ?>
<testsuite errors="0" skipped="3" tests="5" time="3.992" failures="0" name="eu.etaxonomy.cdm.api.service.TermServiceImplTest">
  <properties>
[...]
</properties>
  <testcase classname="eu.etaxonomy.cdm.api.service.TermServiceImplTest" time="0.002" name="testSetDao"/>
  <testcase classname="eu.etaxonomy.cdm.api.service.TermServiceImplTest" time="0.002" name="testGetTermByUri">
    <skipped/>
  </testcase>
  <testcase classname="eu.etaxonomy.cdm.api.service.TermServiceImplTest" time="0.038" name="testGetTermByUuid"/>
  <testcase classname="eu.etaxonomy.cdm.api.service.TermServiceImplTest" time="0.039" name="testGetVocabularyUUID">
    <skipped/>
  </testcase>
  <testcase classname="eu.etaxonomy.cdm.api.service.TermServiceImplTest" time="0.039" name="testSetVocabularies">
    <skipped/>
  </testcase>
</testsuite>