# JRE version: Java(TM) SE Runtime Environment (8.0_92-b14) (build 1.8.0_92-b14)
# Java VM: Java HotSpot(TM) 64-Bit Server VM (25.92-b14 mixed mode windows-amd64 compressed oops)
Heap:
 PSYoungGen      total 110080K, used 32511K [0x00000000f5980000, 0x0000000100000000, 0x0000000100000000)
  eden space 77312K, 0% used [0x00000000f5980000,0x00000000f5980000,0x00000000fa500000)
  from space 32768K, 99% used [0x00000000fa500000,0x00000000fc4bff00,0x00000000fc500000)
  to   space 49152K, 0% used [0x00000000fd000000,0x00000000fd000000,0x0000000100000000)
 ParOldGen       total 197120K, used 196735K [0x00000000e0c00000, 0x00000000ecc80000, 0x00000000f5980000)
  object space 197120K, 99% used [0x00000000e0c00000,0x00000000ecc1fc18,0x00000000ecc80000)
 Metaspace       used 103647K, capacity 105820K, committed 105984K, reserved 1142784K
  class space    used 11570K, capacity 12009K, committed 12032K, reserved 1048576K
GC Heap History (10 events):
Event: 5867.089 GC heap after
Heap after GC invocations=101 (full 4):
 PSYoungGen      total 95744K, used 25083K [0x00000000f5980000, 0x00000000fe200000, 0x0000000100000000)
  eden space 70656K, 0% used [0x00000000f5980000,0x00000000f5980000,0x00000000f9e80000)
  from space 25088K, 99% used [0x00000000f9e80000,0x00000000fb6feed0,0x00000000fb700000)
  to   space 29696K, 0% used [0x00000000fc500000,0x00000000fc500000,0x00000000fe200000)
 ParOldGen       total 196608K, used 186502K [0x00000000e0c00000, 0x00000000ecc00000, 0x00000000f5980000)
  object space 196608K, 94% used [0x00000000e0c00000,0x00000000ec221af8,0x00000000ecc00000)
 Metaspace       used 103578K, capacity 105756K, committed 105984K, reserved 1142784K
  class space    used 11570K, capacity 12009K, committed 12032K, reserved 1048576K
}
Event: 5867.434 GC heap before
{Heap before GC invocations=102 (full 4):
 PSYoungGen      total 95744K, used 95739K [0x00000000f5980000, 0x00000000fe200000, 0x0000000100000000)
  eden space 70656K, 100% used [0x00000000f5980000,0x00000000f9e80000,0x00000000f9e80000)
  from space 25088K, 99% used [0x00000000f9e80000,0x00000000fb6feed0,0x00000000fb700000)
  to   space 29696K, 0% used [0x00000000fc500000,0x00000000fc500000,0x00000000fe200000)
 ParOldGen       total 196608K, used 186502K [0x00000000e0c00000, 0x00000000ecc00000, 0x00000000f5980000)
  object space 196608K, 94% used [0x00000000e0c00000,0x00000000ec221af8,0x00000000ecc00000)
 Metaspace       used 103580K, capacity 105756K, committed 105984K, reserved 1142784K
  class space    used 11570K, capacity 12009K, committed 12032K, reserved 1048576K
Event: 5867.476 GC heap after
Heap after GC invocations=102 (full 4):
 PSYoungGen      total 104960K, used 29291K [0x00000000f5980000, 0x00000000fec80000, 0x0000000100000000)
  eden space 75264K, 0% used [0x00000000f5980000,0x00000000f5980000,0x00000000fa300000)
  from space 29696K, 98% used [0x00000000fc500000,0x00000000fe19add0,0x00000000fe200000)
  to   space 34816K, 0% used [0x00000000fa300000,0x00000000fa300000,0x00000000fc500000)
 ParOldGen       total 196608K, used 186518K [0x00000000e0c00000, 0x00000000ecc00000, 0x00000000f5980000)
  object space 196608K, 94% used [0x00000000e0c00000,0x00000000ec225af8,0x00000000ecc00000)
 Metaspace       used 103580K, capacity 105756K, committed 105984K, reserved 1142784K
  class space    used 11570K, capacity 12009K, committed 12032K, reserved 1048576K
}
Event: 5867.869 GC heap before
{Heap before GC invocations=103 (full 4):
 PSYoungGen      total 104960K, used 104555K [0x00000000f5980000, 0x00000000fec80000, 0x0000000100000000)
  eden space 75264K, 100% used [0x00000000f5980000,0x00000000fa300000,0x00000000fa300000)
  from space 29696K, 98% used [0x00000000fc500000,0x00000000fe19add0,0x00000000fe200000)
  to   space 34816K, 0% used [0x00000000fa300000,0x00000000fa300000,0x00000000fc500000)
 ParOldGen       total 196608K, used 186518K [0x00000000e0c00000, 0x00000000ecc00000, 0x00000000f5980000)
  object space 196608K, 94% used [0x00000000e0c00000,0x00000000ec225af8,0x00000000ecc00000)
 Metaspace       used 103583K, capacity 105756K, committed 105984K, reserved 1142784K
  class space    used 11570K, capacity 12009K, committed 12032K, reserved 1048576K
Event: 5867.903 GC heap after
Heap after GC invocations=103 (full 4):
 PSYoungGen      total 110080K, used 33642K [0x00000000f5980000, 0x00000000ffe00000, 0x0000000100000000)
  eden space 75264K, 0% used [0x00000000f5980000,0x00000000f5980000,0x00000000fa300000)
  from space 34816K, 96% used [0x00000000fa300000,0x00000000fc3dabd8,0x00000000fc500000)
  to   space 40960K, 0% used [0x00000000fd600000,0x00000000fd600000,0x00000000ffe00000)
 ParOldGen       total 196608K, used 186630K [0x00000000e0c00000, 0x00000000ecc00000, 0x00000000f5980000)
  object space 196608K, 94% used [0x00000000e0c00000,0x00000000ec241af8,0x00000000ecc00000)
 Metaspace       used 103583K, capacity 105756K, committed 105984K, reserved 1142784K
  class space    used 11570K, capacity 12009K, committed 12032K, reserved 1048576K
}
Event: 5868.963 GC heap before
{Heap before GC invocations=104 (full 4):
 PSYoungGen      total 110080K, used 108906K [0x00000000f5980000, 0x00000000ffe00000, 0x0000000100000000)
  eden space 75264K, 100% used [0x00000000f5980000,0x00000000fa300000,0x00000000fa300000)
  from space 34816K, 96% used [0x00000000fa300000,0x00000000fc3dabd8,0x00000000fc500000)
  to   space 40960K, 0% used [0x00000000fd600000,0x00000000fd600000,0x00000000ffe00000)
 ParOldGen       total 196608K, used 186630K [0x00000000e0c00000, 0x00000000ecc00000, 0x00000000f5980000)
  object space 196608K, 94% used [0x00000000e0c00000,0x00000000ec241af8,0x00000000ecc00000)
 Metaspace       used 103607K, capacity 105820K, committed 105984K, reserved 1142784K
  class space    used 11570K, capacity 12009K, committed 12032K, reserved 1048576K
Event: 5869.028 GC heap after
Heap after GC invocations=104 (full 4):
 PSYoungGen      total 118272K, used 36768K [0x00000000f5980000, 0x0000000100000000, 0x0000000100000000)
  eden space 77312K, 0% used [0x00000000f5980000,0x00000000f5980000,0x00000000fa500000)
  from space 40960K, 89% used [0x00000000fd600000,0x00000000ff9e8010,0x00000000ffe00000)
  to   space 46592K, 0% used [0x00000000fa500000,0x00000000fa500000,0x00000000fd280000)
 ParOldGen       total 196608K, used 186974K [0x00000000e0c00000, 0x00000000ecc00000, 0x00000000f5980000)
  object space 196608K, 95% used [0x00000000e0c00000,0x00000000ec297af8,0x00000000ecc00000)
 Metaspace       used 103607K, capacity 105820K, committed 105984K, reserved 1142784K
  class space    used 11570K, capacity 12009K, committed 12032K, reserved 1048576K
}
Event: 5869.936 GC heap before
{Heap before GC invocations=105 (full 4):
 PSYoungGen      total 118272K, used 114080K [0x00000000f5980000, 0x0000000100000000, 0x0000000100000000)
  eden space 77312K, 100% used [0x00000000f5980000,0x00000000fa500000,0x00000000fa500000)
  from space 40960K, 89% used [0x00000000fd600000,0x00000000ff9e8010,0x00000000ffe00000)
  to   space 46592K, 0% used [0x00000000fa500000,0x00000000fa500000,0x00000000fd280000)
 ParOldGen       total 196608K, used 186974K [0x00000000e0c00000, 0x00000000ecc00000, 0x00000000f5980000)
  object space 196608K, 95% used [0x00000000e0c00000,0x00000000ec297af8,0x00000000ecc00000)
 Metaspace       used 103647K, capacity 105820K, committed 105984K, reserved 1142784K
  class space    used 11570K, capacity 12009K, committed 12032K, reserved 1048576K
Event: 5869.981 GC heap after
Heap after GC invocations=105 (full 4):
 PSYoungGen      total 110080K, used 32511K [0x00000000f5980000, 0x0000000100000000, 0x0000000100000000)
  eden space 77312K, 0% used [0x00000000f5980000,0x00000000f5980000,0x00000000fa500000)
  from space 32768K, 99% used [0x00000000fa500000,0x00000000fc4bff00,0x00000000fc500000)
  to   space 49152K, 0% used [0x00000000fd000000,0x00000000fd000000,0x0000000100000000)
 ParOldGen       total 197120K, used 196735K [0x00000000e0c00000, 0x00000000ecc80000, 0x00000000f5980000)
  object space 197120K, 99% used [0x00000000e0c00000,0x00000000ecc1fc18,0x00000000ecc80000)
 Metaspace       used 103647K, capacity 105820K, committed 105984K, reserved 1142784K
  class space    used 11570K, capacity 12009K, committed 12032K, reserved 1048576K
}
Event: 5869.982 GC heap before
{Heap before GC invocations=106 (full 5):
 PSYoungGen      total 110080K, used 32511K [0x00000000f5980000, 0x0000000100000000, 0x0000000100000000)
  eden space 77312K, 0% used [0x00000000f5980000,0x00000000f5980000,0x00000000fa500000)
  from space 32768K, 99% used [0x00000000fa500000,0x00000000fc4bff00,0x00000000fc500000)
  to   space 49152K, 0% used [0x00000000fd000000,0x00000000fd000000,0x0000000100000000)
 ParOldGen       total 197120K, used 196735K [0x00000000e0c00000, 0x00000000ecc80000, 0x00000000f5980000)
  object space 197120K, 99% used [0x00000000e0c00000,0x00000000ecc1fc18,0x00000000ecc80000)
 Metaspace       used 103647K, capacity 105820K, committed 105984K, reserved 1142784K
  class space    used 11570K, capacity 12009K, committed 12032K, reserved 1048576K

